<?xml version="1.0" encoding="UTF-8"?>
<!-- Generated by org.testng.reporters.JUnitXMLReporter -->
<testsuite hostname="Diya" ignored="2" name="Smoke Test" tests="1" failures="0" timestamp="2022-12-12T15:59:06 GMT" time="5.9" errors="0">
  <testcase name="verifyTheUsernameErrorMessage" time="0.459" classname="com.herokuapp.internet.testsuite.LoginPageTest"/>
  <testcase name="verifyThePasswordErrorMessage" time="0.0" classname="com.herokuapp.internet.testsuite.LoginPageTest">
    <ignored/>
  </testcase> <!-- verifyThePasswordErrorMessage -->
  <testcase name="UserShouldLoginSuccessfullyWithValidCredentials" time="0.0" classname="com.herokuapp.internet.testsuite.LoginPageTest">
    <ignored/>
  </testcase> <!-- UserShouldLoginSuccessfullyWithValidCredentials -->
</testsuite> <!-- Smoke Test -->
