<?xml version="1.0" encoding="UTF-8"?>
<!-- Generated by org.testng.reporters.JUnitXMLReporter -->
<testsuite hostname="Diya" ignored="2" name="Sanity Test" tests="1" failures="0" timestamp="2022-12-12T01:43:55 GMT" time="5.807" errors="0">
  <testcase name="UserShouldLoginSuccessfullyWithValidCredentials" time="0.513" classname="com.herokuapp.internet.testsuite.LoginPageTest"/>
  <testcase name="verifyThePasswordErrorMessage" time="0.0" classname="com.herokuapp.internet.testsuite.LoginPageTest">
    <ignored/>
  </testcase> <!-- verifyThePasswordErrorMessage -->
  <testcase name="verifyTheUsernameErrorMessage" time="0.0" classname="com.herokuapp.internet.testsuite.LoginPageTest">
    <ignored/>
  </testcase> <!-- verifyTheUsernameErrorMessage -->
</testsuite> <!-- Sanity Test -->
