<?xml version="1.0" encoding="UTF-8"?>
<!-- Generated by org.testng.reporters.JUnitXMLReporter -->
<testsuite hostname="Diya" ignored="0" name="Regression Test" tests="3" failures="0" timestamp="2022-12-12T16:00:20 GMT" time="13.334" errors="0">
  <testcase name="UserShouldLoginSuccessfullyWithValidCredentials" time="0.45" classname="com.herokuapp.internet.testsuite.LoginPageTest"/>
  <testcase name="verifyThePasswordErrorMessage" time="0.429" classname="com.herokuapp.internet.testsuite.LoginPageTest"/>
  <testcase name="verifyTheUsernameErrorMessage" time="0.528" classname="com.herokuapp.internet.testsuite.LoginPageTest"/>
</testsuite> <!-- Regression Test -->
