<?xml version="1.0" encoding="UTF-8"?>
<testsuite name="Login Test"
           tests="3"
           failures="0"
           errors="0"
           skipped="0"
           time="1.381">
  <properties />
  
  
            <testcase name="verifyTheUsernameErrorMessage" time="0.523" classname="com.herokuapp.internet.testsuite.LoginPageTest" />
                <testcase name="UserShouldLoginSuccessfullyWithValidCredentials" time="0.480" classname="com.herokuapp.internet.testsuite.LoginPageTest" />
                <testcase name="verifyThePasswordErrorMessage" time="0.378" classname="com.herokuapp.internet.testsuite.LoginPageTest" />
      
</testsuite>
