<?xml version="1.0" encoding="UTF-8"?>
<!-- Generated by org.testng.reporters.JUnitXMLReporter -->
<testsuite hostname="Diya" ignored="0" name="Login Test" tests="3" failures="0" timestamp="2022-12-12T16:01:49 GMT" time="14.172" errors="0">
  <testcase name="UserShouldLoginSuccessfullyWithValidCredentials" time="0.48" classname="com.herokuapp.internet.testsuite.LoginPageTest"/>
  <testcase name="verifyThePasswordErrorMessage" time="0.378" classname="com.herokuapp.internet.testsuite.LoginPageTest"/>
  <testcase name="verifyTheUsernameErrorMessage" time="0.523" classname="com.herokuapp.internet.testsuite.LoginPageTest"/>
</testsuite> <!-- Login Test -->
